{"C:\\Users\\54297\\OneDrive\\Escritorio\\DH\\Segundo Bimestre\\Testing 1\\Modulo 5\\calculadora_orig2\\calculadora_orig\\funcionalidad.js": {"path":"C:\\Users\\54297\\OneDrive\\Escritorio\\DH\\Segundo Bimestre\\Testing 1\\Modulo 5\\calculadora_orig2\\calculadora_orig\\funcionalidad.js","statementMap":{"0":{"start":{"line":6,"column":0},"end":{"line":85,"column":1}},"1":{"start":{"line":8,"column":17},"end":{"line":8,"column":53}},"2":{"start":{"line":9,"column":14},"end":{"line":9,"column":46}},"3":{"start":{"line":10,"column":13},"end":{"line":10,"column":44}},"4":{"start":{"line":11,"column":14},"end":{"line":11,"column":46}},"5":{"start":{"line":12,"column":23},"end":{"line":12,"column":64}},"6":{"start":{"line":13,"column":17},"end":{"line":13,"column":52}},"7":{"start":{"line":14,"column":14},"end":{"line":14,"column":46}},"8":{"start":{"line":15,"column":12},"end":{"line":15,"column":42}},"9":{"start":{"line":16,"column":12},"end":{"line":16,"column":42}},"10":{"start":{"line":17,"column":13},"end":{"line":17,"column":44}},"11":{"start":{"line":18,"column":15},"end":{"line":18,"column":48}},"12":{"start":{"line":19,"column":14},"end":{"line":19,"column":46}},"13":{"start":{"line":20,"column":13},"end":{"line":20,"column":44}},"14":{"start":{"line":21,"column":14},"end":{"line":21,"column":46}},"15":{"start":{"line":22,"column":13},"end":{"line":22,"column":44}},"16":{"start":{"line":23,"column":14},"end":{"line":23,"column":46}},"17":{"start":{"line":24,"column":13},"end":{"line":24,"column":44}},"18":{"start":{"line":27,"column":2},"end":{"line":29,"column":3}},"19":{"start":{"line":28,"column":6},"end":{"line":28,"column":59}},"20":{"start":{"line":30,"column":2},"end":{"line":32,"column":3}},"21":{"start":{"line":31,"column":6},"end":{"line":31,"column":59}},"22":{"start":{"line":33,"column":2},"end":{"line":35,"column":3}},"23":{"start":{"line":34,"column":6},"end":{"line":34,"column":59}},"24":{"start":{"line":36,"column":2},"end":{"line":38,"column":3}},"25":{"start":{"line":37,"column":6},"end":{"line":37,"column":59}},"26":{"start":{"line":39,"column":2},"end":{"line":41,"column":3}},"27":{"start":{"line":40,"column":6},"end":{"line":40,"column":59}},"28":{"start":{"line":42,"column":2},"end":{"line":44,"column":3}},"29":{"start":{"line":43,"column":6},"end":{"line":43,"column":59}},"30":{"start":{"line":45,"column":2},"end":{"line":47,"column":3}},"31":{"start":{"line":46,"column":6},"end":{"line":46,"column":59}},"32":{"start":{"line":48,"column":2},"end":{"line":50,"column":3}},"33":{"start":{"line":49,"column":6},"end":{"line":49,"column":59}},"34":{"start":{"line":51,"column":2},"end":{"line":53,"column":3}},"35":{"start":{"line":52,"column":6},"end":{"line":52,"column":59}},"36":{"start":{"line":54,"column":2},"end":{"line":56,"column":3}},"37":{"start":{"line":55,"column":6},"end":{"line":55,"column":59}},"38":{"start":{"line":57,"column":2},"end":{"line":59,"column":3}},"39":{"start":{"line":58,"column":6},"end":{"line":58,"column":17}},"40":{"start":{"line":60,"column":2},"end":{"line":64,"column":3}},"41":{"start":{"line":61,"column":6},"end":{"line":61,"column":40}},"42":{"start":{"line":62,"column":6},"end":{"line":62,"column":22}},"43":{"start":{"line":63,"column":6},"end":{"line":63,"column":16}},"44":{"start":{"line":65,"column":2},"end":{"line":69,"column":3}},"45":{"start":{"line":66,"column":6},"end":{"line":66,"column":40}},"46":{"start":{"line":67,"column":6},"end":{"line":67,"column":22}},"47":{"start":{"line":68,"column":6},"end":{"line":68,"column":16}},"48":{"start":{"line":70,"column":2},"end":{"line":74,"column":3}},"49":{"start":{"line":71,"column":6},"end":{"line":71,"column":40}},"50":{"start":{"line":72,"column":6},"end":{"line":72,"column":22}},"51":{"start":{"line":73,"column":6},"end":{"line":73,"column":16}},"52":{"start":{"line":75,"column":2},"end":{"line":79,"column":1}},"53":{"start":{"line":76,"column":4},"end":{"line":76,"column":38}},"54":{"start":{"line":77,"column":4},"end":{"line":77,"column":20}},"55":{"start":{"line":78,"column":4},"end":{"line":78,"column":14}},"56":{"start":{"line":80,"column":0},"end":{"line":83,"column":5}},"57":{"start":{"line":81,"column":4},"end":{"line":81,"column":38}},"58":{"start":{"line":82,"column":4},"end":{"line":82,"column":15}},"59":{"start":{"line":87,"column":0},"end":{"line":87,"column":51}},"60":{"start":{"line":87,"column":24},"end":{"line":87,"column":50}},"61":{"start":{"line":89,"column":0},"end":{"line":94,"column":1}},"62":{"start":{"line":90,"column":2},"end":{"line":90,"column":29}},"63":{"start":{"line":91,"column":2},"end":{"line":91,"column":16}},"64":{"start":{"line":92,"column":2},"end":{"line":92,"column":16}},"65":{"start":{"line":93,"column":2},"end":{"line":93,"column":17}},"66":{"start":{"line":96,"column":0},"end":{"line":114,"column":1}},"67":{"start":{"line":97,"column":12},"end":{"line":97,"column":13}},"68":{"start":{"line":98,"column":2},"end":{"line":111,"column":3}},"69":{"start":{"line":100,"column":6},"end":{"line":100,"column":58}},"70":{"start":{"line":101,"column":6},"end":{"line":101,"column":12}},"71":{"start":{"line":103,"column":8},"end":{"line":103,"column":60}},"72":{"start":{"line":104,"column":8},"end":{"line":104,"column":14}},"73":{"start":{"line":106,"column":6},"end":{"line":106,"column":58}},"74":{"start":{"line":107,"column":6},"end":{"line":107,"column":12}},"75":{"start":{"line":109,"column":6},"end":{"line":109,"column":58}},"76":{"start":{"line":110,"column":6},"end":{"line":110,"column":12}},"77":{"start":{"line":112,"column":2},"end":{"line":112,"column":13}},"78":{"start":{"line":113,"column":2},"end":{"line":113,"column":30}}},"fnMap":{"0":{"name":"(anonymous_0)","decl":{"start":{"line":6,"column":15},"end":{"line":6,"column":16}},"loc":{"start":{"line":6,"column":19},"end":{"line":85,"column":1}},"line":6},"1":{"name":"(anonymous_1)","decl":{"start":{"line":27,"column":16},"end":{"line":27,"column":17}},"loc":{"start":{"line":27,"column":27},"end":{"line":29,"column":3}},"line":27},"2":{"name":"(anonymous_2)","decl":{"start":{"line":30,"column":16},"end":{"line":30,"column":17}},"loc":{"start":{"line":30,"column":27},"end":{"line":32,"column":3}},"line":30},"3":{"name":"(anonymous_3)","decl":{"start":{"line":33,"column":17},"end":{"line":33,"column":18}},"loc":{"start":{"line":33,"column":28},"end":{"line":35,"column":3}},"line":33},"4":{"name":"(anonymous_4)","decl":{"start":{"line":36,"column":19},"end":{"line":36,"column":20}},"loc":{"start":{"line":36,"column":30},"end":{"line":38,"column":3}},"line":36},"5":{"name":"(anonymous_5)","decl":{"start":{"line":39,"column":18},"end":{"line":39,"column":19}},"loc":{"start":{"line":39,"column":29},"end":{"line":41,"column":3}},"line":39},"6":{"name":"(anonymous_6)","decl":{"start":{"line":42,"column":17},"end":{"line":42,"column":18}},"loc":{"start":{"line":42,"column":28},"end":{"line":44,"column":3}},"line":42},"7":{"name":"(anonymous_7)","decl":{"start":{"line":45,"column":18},"end":{"line":45,"column":19}},"loc":{"start":{"line":45,"column":29},"end":{"line":47,"column":3}},"line":45},"8":{"name":"(anonymous_8)","decl":{"start":{"line":48,"column":17},"end":{"line":48,"column":18}},"loc":{"start":{"line":48,"column":28},"end":{"line":50,"column":3}},"line":48},"9":{"name":"(anonymous_9)","decl":{"start":{"line":51,"column":18},"end":{"line":51,"column":19}},"loc":{"start":{"line":51,"column":29},"end":{"line":53,"column":3}},"line":51},"10":{"name":"(anonymous_10)","decl":{"start":{"line":54,"column":17},"end":{"line":54,"column":18}},"loc":{"start":{"line":54,"column":28},"end":{"line":56,"column":3}},"line":54},"11":{"name":"(anonymous_11)","decl":{"start":{"line":57,"column":18},"end":{"line":57,"column":19}},"loc":{"start":{"line":57,"column":29},"end":{"line":59,"column":3}},"line":57},"12":{"name":"(anonymous_12)","decl":{"start":{"line":60,"column":17},"end":{"line":60,"column":18}},"loc":{"start":{"line":60,"column":28},"end":{"line":64,"column":3}},"line":60},"13":{"name":"(anonymous_13)","decl":{"start":{"line":65,"column":18},"end":{"line":65,"column":19}},"loc":{"start":{"line":65,"column":29},"end":{"line":69,"column":3}},"line":65},"14":{"name":"(anonymous_14)","decl":{"start":{"line":70,"column":27},"end":{"line":70,"column":28}},"loc":{"start":{"line":70,"column":38},"end":{"line":74,"column":3}},"line":70},"15":{"name":"(anonymous_15)","decl":{"start":{"line":75,"column":21},"end":{"line":75,"column":22}},"loc":{"start":{"line":75,"column":32},"end":{"line":79,"column":1}},"line":75},"16":{"name":"(anonymous_16)","decl":{"start":{"line":80,"column":16},"end":{"line":80,"column":17}},"loc":{"start":{"line":80,"column":27},"end":{"line":83,"column":5}},"line":80},"17":{"name":"(anonymous_17)","decl":{"start":{"line":87,"column":18},"end":{"line":87,"column":19}},"loc":{"start":{"line":87,"column":24},"end":{"line":87,"column":50}},"line":87},"18":{"name":"(anonymous_18)","decl":{"start":{"line":89,"column":19},"end":{"line":89,"column":20}},"loc":{"start":{"line":89,"column":25},"end":{"line":94,"column":1}},"line":89},"19":{"name":"(anonymous_19)","decl":{"start":{"line":96,"column":17},"end":{"line":96,"column":18}},"loc":{"start":{"line":96,"column":21},"end":{"line":114,"column":1}},"line":96}},"branchMap":{"0":{"loc":{"start":{"line":98,"column":2},"end":{"line":111,"column":3}},"type":"switch","locations":[{"start":{"line":99,"column":4},"end":{"line":101,"column":12}},{"start":{"line":102,"column":4},"end":{"line":104,"column":14}},{"start":{"line":105,"column":4},"end":{"line":107,"column":12}},{"start":{"line":108,"column":4},"end":{"line":110,"column":12}}],"line":98}},"s":{"0":1,"1":0,"2":0,"3":0,"4":0,"5":0,"6":0,"7":0,"8":0,"9":0,"10":0,"11":0,"12":0,"13":0,"14":0,"15":0,"16":0,"17":0,"18":0,"19":0,"20":0,"21":0,"22":0,"23":0,"24":0,"25":0,"26":0,"27":0,"28":0,"29":0,"30":0,"31":0,"32":0,"33":0,"34":0,"35":0,"36":0,"37":0,"38":0,"39":0,"40":0,"41":0,"42":0,"43":0,"44":0,"45":0,"46":0,"47":0,"48":0,"49":0,"50":0,"51":0,"52":0,"53":0,"54":0,"55":0,"56":0,"57":0,"58":0,"59":1,"60":1,"61":1,"62":0,"63":0,"64":0,"65":0,"66":1,"67":0,"68":0,"69":0,"70":0,"71":0,"72":0,"73":0,"74":0,"75":0,"76":0,"77":0,"78":0},"f":{"0":0,"1":0,"2":0,"3":0,"4":0,"5":0,"6":0,"7":0,"8":0,"9":0,"10":0,"11":0,"12":0,"13":0,"14":0,"15":0,"16":0,"17":1,"18":0,"19":0},"b":{"0":[0,0,0,0]},"_coverageSchema":"1a1c01bbd47fc00a2c39e90264f33305004495a9","hash":"095bb18694289a6fdaad521de6ac6a6c69675931"}
}
